<?xml version="1.0" encoding="UTF-8"?>
<!-- Generated by org.testng.reporters.JUnitReportReporter -->
<testsuite skipped="0" hostname="localhost.localdomain" name="testng_Framework.SignInTest" tests="4" failures="0" timestamp="12 Feb 2018 08:45:25 GMT" time="25.952" errors="0">
  <testcase name="openSignInPage" time="0.909" classname="testng_Framework.SignInTest"/>
  <testcase name="signIn" time="11.497" classname="testng_Framework.SignInTest"/>
  <testcase name="HomePage" time="3.963" classname="testng_Framework.SignInTest"/>
  <testcase name="signIn" time="9.583" classname="testng_Framework.SignInTest"/>
</testsuite> <!-- testng_Framework.SignInTest -->
